<?xml version="1.0" encoding="UTF-8"?>
<testng-results ignored="0" total="2" passed="2" failed="0" skipped="0">
  <reporter-output>
  </reporter-output>
  <suite started-at="2022-09-07T18:35:06 IST" name="Suite" finished-at="2022-09-07T18:35:46 IST" duration-ms="40127">
    <groups>
    </groups>
    <test started-at="2022-09-07T18:35:06 IST" name="Test" finished-at="2022-09-07T18:35:46 IST" duration-ms="40127">
      <class name="testcases.VerifySignupTestcases">
        <test-method is-config="true" signature="launchbrowser()[pri:0, instance:testcases.VerifySignupTestcases@79924b]" started-at="2022-09-07T18:35:14 IST" name="launchbrowser" finished-at="2022-09-07T18:35:17 IST" duration-ms="3276" status="PASS">
          <reporter-output>
          </reporter-output>
        </test-method> <!-- launchbrowser -->
        <test-method signature="signup()[pri:0, instance:testcases.VerifySignupTestcases@79924b]" started-at="2022-09-07T18:35:17 IST" name="signup" finished-at="2022-09-07T18:35:46 IST" duration-ms="28529" status="PASS">
          <reporter-output>
          </reporter-output>
        </test-method> <!-- signup -->
        <test-method is-config="true" signature="teardown()[pri:0, instance:testcases.VerifySignupTestcases@79924b]" started-at="2022-09-07T18:35:46 IST" name="teardown" finished-at="2022-09-07T18:35:46 IST" duration-ms="292" status="PASS">
          <reporter-output>
          </reporter-output>
        </test-method> <!-- teardown -->
      </class> <!-- testcases.VerifySignupTestcases -->
      <class name="testcases.verifyLoginTestcase">
        <test-method is-config="true" signature="launchbrowser()[pri:0, instance:testcases.verifyLoginTestcase@402bba4f]" started-at="2022-09-07T18:35:06 IST" name="launchbrowser" finished-at="2022-09-07T18:35:13 IST" duration-ms="6721" status="PASS">
          <reporter-output>
          </reporter-output>
        </test-method> <!-- launchbrowser -->
        <test-method signature="login()[pri:0, instance:testcases.verifyLoginTestcase@402bba4f]" started-at="2022-09-07T18:35:13 IST" name="login" finished-at="2022-09-07T18:35:14 IST" duration-ms="938" status="PASS">
          <reporter-output>
          </reporter-output>
        </test-method> <!-- login -->
        <test-method is-config="true" signature="teardown()[pri:0, instance:testcases.verifyLoginTestcase@402bba4f]" started-at="2022-09-07T18:35:14 IST" name="teardown" finished-at="2022-09-07T18:35:14 IST" duration-ms="309" status="PASS">
          <reporter-output>
          </reporter-output>
        </test-method> <!-- teardown -->
      </class> <!-- testcases.verifyLoginTestcase -->
    </test> <!-- Test -->
  </suite> <!-- Suite -->
</testng-results>
